<?xml version="1.0" encoding="UTF-8"?>
<testng-results ignored="0" total="3" passed="3" failed="0" skipped="0">
  <reporter-output>
  </reporter-output>
  <suite started-at="2025-03-28T10:59:16 IST" name="Default suite" finished-at="2025-03-28T10:59:22 IST" duration-ms="5699">
    <groups>
    </groups>
    <test started-at="2025-03-28T10:59:16 IST" name="Default test" finished-at="2025-03-28T10:59:22 IST" duration-ms="5699">
      <class name="ExtentReport.SampleReportTest">
        <test-method is-config="true" signature="configBS()[pri:0, instance:ExtentReport.SampleReportTest@1a6d8329]" started-at="2025-03-28T10:59:16 IST" name="configBS" finished-at="2025-03-28T10:59:16 IST" duration-ms="396" status="PASS">
          <reporter-output>
          </reporter-output>
        </test-method> <!-- configBS -->
        <test-method signature="CreateContactTest()[pri:0, instance:ExtentReport.SampleReportTest@1a6d8329]" started-at="2025-03-28T10:59:16 IST" name="CreateContactTest" finished-at="2025-03-28T10:59:22 IST" duration-ms="5626" status="PASS">
          <reporter-output>
          </reporter-output>
        </test-method> <!-- CreateContactTest -->
        <test-method signature="CreateContactWithORGTest()[pri:0, instance:ExtentReport.SampleReportTest@1a6d8329]" started-at="2025-03-28T10:59:22 IST" name="CreateContactWithORGTest" finished-at="2025-03-28T10:59:22 IST" duration-ms="3" status="PASS">
          <reporter-output>
          </reporter-output>
        </test-method> <!-- CreateContactWithORGTest -->
        <test-method signature="CreateContactWithPhNumberTest()[pri:0, instance:ExtentReport.SampleReportTest@1a6d8329]" started-at="2025-03-28T10:59:22 IST" name="CreateContactWithPhNumberTest" finished-at="2025-03-28T10:59:22 IST" duration-ms="9" status="PASS">
          <reporter-output>
          </reporter-output>
        </test-method> <!-- CreateContactWithPhNumberTest -->
        <test-method is-config="true" signature="configAS()[pri:0, instance:ExtentReport.SampleReportTest@1a6d8329]" started-at="2025-03-28T10:59:22 IST" name="configAS" finished-at="2025-03-28T10:59:22 IST" duration-ms="553" status="PASS">
          <reporter-output>
          </reporter-output>
        </test-method> <!-- configAS -->
      </class> <!-- ExtentReport.SampleReportTest -->
    </test> <!-- Default test -->
  </suite> <!-- Default suite -->
</testng-results>
