<?xml version="1.0" encoding="UTF-8"?>
<!-- Generated by org.testng.reporters.JUnitXMLReporter -->
<testsuite ignored="2" hostname="DESKTOP-ORE2PQQ" failures="0" tests="1" name="Test" time="10.832" errors="0" timestamp="2025-03-26T13:02:31 IST">
  <testcase classname="testNG_test.Vtiger_testNG_orginization" name="createorgtest" time="6.787"/>
  <testcase classname="testNG_test.Vtiger_testNG_orginization" name="CreateOrgWithIndustryTest" time="0.0">
    <ignored/>
  </testcase> <!-- CreateOrgWithIndustryTest -->
  <testcase classname="testNG_test.Vtiger_testNG_orginization" name="CreateOrgWithPhoneNoTest" time="0.0">
    <ignored/>
  </testcase> <!-- CreateOrgWithPhoneNoTest -->
</testsuite> <!-- Test -->
