<?xml version="1.0" encoding="UTF-8"?>
<!-- Generated by org.testng.reporters.JUnitXMLReporter -->
<testsuite ignored="0" hostname="DESKTOP-ORE2PQQ" failures="0" tests="3" name="Default test" time="5.699" errors="0" timestamp="2025-03-28T10:59:22 IST">
  <testcase classname="ExtentReport.SampleReportTest" name="CreateContactTest" time="5.626"/>
  <testcase classname="ExtentReport.SampleReportTest" name="CreateContactWithORGTest" time="0.003"/>
  <testcase classname="ExtentReport.SampleReportTest" name="CreateContactWithPhNumberTest" time="0.009"/>
</testsuite> <!-- Default test -->
